TN:
SF:src/modules/appointments/services/CreateAppointmentService.ts
FN:40,__decorate
FN:40,__metadata
FN:40,__param
FN:40,__awaiter
FN:40,adopt
FN:40,fulfilled
FN:40,rejected
FN:40,step
FN:40,__generator
FN:40,sent
FN:40,g.<computed>
FN:40,verb
FN:40,step
FN:40,__importDefault
FN:16,CreateAppointmentService
FN:21,CreateAppointmentService.execute
FNF:16
FNH:14
FNDA:1,__decorate
FNDA:1,__metadata
FNDA:1,__param
FNDA:3,__awaiter
FNDA:5,adopt
FNDA:5,fulfilled
FNDA:0,rejected
FNDA:7,step
FNDA:3,__generator
FNDA:5,sent
FNDA:0,g.<computed>
FNDA:9,verb
FNDA:8,step
FNDA:1,__importDefault
FNDA:2,CreateAppointmentService
FNDA:3,CreateAppointmentService.execute
DA:1,1
DA:2,1
DA:3,1
DA:4,1
DA:5,1
DA:6,1
DA:7,1
DA:8,1
DA:9,1
DA:10,1
DA:11,1
DA:12,1
DA:13,1
DA:14,1
DA:15,1
DA:16,1
DA:17,2
DA:18,2
DA:19,2
DA:20,1
DA:21,1
DA:22,3
DA:23,3
DA:24,3
DA:25,3
DA:26,3
DA:27,3
DA:28,1
DA:29,1
DA:30,2
DA:31,2
DA:32,2
DA:33,2
DA:34,2
DA:35,3
DA:36,3
DA:37,3
DA:38,1
DA:39,1
DA:40,1
LF:40
LH:40
BRDA:40,0,0,1
BRDA:40,1,0,1
BRDA:40,2,0,0
BRDA:40,3,0,0
BRDA:40,4,0,0
BRDA:40,5,0,0
BRDA:40,6,0,1
BRDA:40,7,0,1
BRDA:40,8,0,1
BRDA:40,9,0,3
BRDA:40,10,0,5
BRDA:40,11,0,0
BRDA:40,12,0,3
BRDA:40,13,0,5
BRDA:40,14,0,4
BRDA:40,15,0,1
BRDA:40,16,0,7
BRDA:40,17,0,2
BRDA:40,18,0,5
BRDA:40,19,0,3
BRDA:40,20,0,5
BRDA:40,21,0,0
BRDA:40,22,0,9
BRDA:40,23,0,8
BRDA:40,24,0,8
BRDA:40,25,0,0
BRDA:40,26,0,16
BRDA:40,27,0,0
BRDA:40,28,0,0
BRDA:40,29,0,0
BRDA:40,30,0,0
BRDA:40,31,0,8
BRDA:40,32,0,8
BRDA:40,33,0,5
BRDA:40,34,0,0
BRDA:40,35,0,0
BRDA:40,36,0,3
BRDA:40,37,0,0
BRDA:40,38,0,2
BRDA:40,39,0,0
BRDA:40,40,0,0
BRDA:40,41,0,0
BRDA:40,42,0,0
BRDA:40,43,0,8
BRDA:40,44,0,7
BRDA:40,45,0,1
BRDA:40,46,0,8
BRDA:40,47,0,3
BRDA:40,48,0,1
BRDA:40,49,0,2
BRDA:40,50,0,0
BRDA:40,51,0,1
BRDA:40,52,0,0
BRDA:15,53,0,1
BRDA:16,54,0,2
BRDA:21,55,0,3
BRDA:40,56,0,3
BRDA:40,57,0,8
BRDA:40,58,0,3
BRDA:40,59,0,3
BRDA:27,60,0,1
BRDA:29,61,0,2
BRDA:40,62,0,2
BRF:63
BRH:43
end_of_record
TN:
SF:src/modules/users/services/AuthenticateUserService.ts
FN:57,__decorate
FN:57,__metadata
FN:57,__param
FN:57,__awaiter
FN:57,adopt
FN:57,fulfilled
FN:57,rejected
FN:57,step
FN:57,__generator
FN:57,sent
FN:57,g.<computed>
FN:57,verb
FN:57,step
FN:57,__importDefault
FN:22,AuthenticateUserService
FN:27,AuthenticateUserService.execute
FNF:16
FNH:14
FNDA:1,__decorate
FNDA:1,__metadata
FNDA:2,__param
FNDA:3,__awaiter
FNDA:5,adopt
FNDA:5,fulfilled
FNDA:0,rejected
FNDA:6,step
FNDA:3,__generator
FNDA:5,sent
FNDA:0,g.<computed>
FNDA:9,verb
FNDA:8,step
FNDA:2,__importDefault
FNDA:3,AuthenticateUserService
FNDA:3,AuthenticateUserService.execute
DA:1,1
DA:2,1
DA:3,1
DA:4,1
DA:5,1
DA:6,1
DA:7,1
DA:8,1
DA:9,1
DA:10,1
DA:11,1
DA:12,1
DA:13,1
DA:14,1
DA:15,1
DA:16,1
DA:17,1
DA:18,1
DA:19,1
DA:20,1
DA:21,1
DA:22,1
DA:23,3
DA:24,3
DA:25,3
DA:26,1
DA:27,1
DA:28,3
DA:29,3
DA:30,3
DA:31,1
DA:32,1
DA:33,2
DA:34,2
DA:35,2
DA:36,2
DA:37,2
DA:38,3
DA:39,3
DA:40,1
DA:41,1
DA:42,1
DA:43,1
DA:44,1
DA:45,1
DA:46,1
DA:47,1
DA:48,1
DA:49,1
DA:50,1
DA:51,1
DA:52,1
DA:53,1
DA:54,3
DA:55,1
DA:56,1
DA:57,1
LF:57
LH:57
BRDA:57,0,0,1
BRDA:57,1,0,1
BRDA:57,2,0,0
BRDA:57,3,0,0
BRDA:57,4,0,0
BRDA:57,5,0,0
BRDA:57,6,0,1
BRDA:57,7,0,2
BRDA:57,8,0,2
BRDA:57,9,0,3
BRDA:57,10,0,5
BRDA:57,11,0,0
BRDA:57,12,0,3
BRDA:57,13,0,5
BRDA:57,14,0,3
BRDA:57,15,0,2
BRDA:57,16,0,6
BRDA:57,17,0,1
BRDA:57,18,0,5
BRDA:57,19,0,3
BRDA:57,20,0,5
BRDA:57,21,0,0
BRDA:57,22,0,9
BRDA:57,23,0,8
BRDA:57,24,0,8
BRDA:57,25,0,0
BRDA:57,26,0,16
BRDA:57,27,0,0
BRDA:57,28,0,0
BRDA:57,29,0,0
BRDA:57,30,0,0
BRDA:57,31,0,8
BRDA:57,32,0,8
BRDA:57,33,0,5
BRDA:57,34,0,0
BRDA:57,35,0,0
BRDA:57,36,0,3
BRDA:57,37,0,0
BRDA:57,38,0,1
BRDA:57,39,0,0
BRDA:57,40,0,0
BRDA:57,41,0,0
BRDA:57,42,0,0
BRDA:57,43,0,8
BRDA:57,44,0,6
BRDA:57,45,0,2
BRDA:57,46,0,8
BRDA:57,47,0,3
BRDA:57,48,0,2
BRDA:57,49,0,1
BRDA:57,50,0,0
BRDA:57,51,0,2
BRDA:57,52,0,0
BRDA:21,53,0,1
BRDA:22,54,0,3
BRDA:27,55,0,3
BRDA:57,56,0,3
BRDA:57,57,0,8
BRDA:28,58,0,3
BRDA:57,59,0,3
BRDA:30,60,0,1
BRDA:32,61,0,2
BRDA:57,62,0,2
BRDA:39,63,0,1
BRF:64
BRH:44
end_of_record
TN:
SF:src/modules/users/services/CreateUserService.ts
FN:39,__decorate
FN:39,__metadata
FN:39,__param
FN:39,__awaiter
FN:39,adopt
FN:39,fulfilled
FN:39,rejected
FN:39,step
FN:39,__generator
FN:39,sent
FN:39,g.<computed>
FN:39,verb
FN:39,step
FN:39,__importDefault
FN:15,CreateUserservice
FN:20,CreateUserservice.execute
FNF:16
FNH:14
FNDA:2,__decorate
FNDA:2,__metadata
FNDA:4,__param
FNDA:5,__awaiter
FNDA:9,adopt
FNDA:9,fulfilled
FNDA:0,rejected
FNDA:13,step
FNDA:5,__generator
FNDA:9,sent
FNDA:0,g.<computed>
FNDA:15,verb
FNDA:14,step
FNDA:2,__importDefault
FNDA:4,CreateUserservice
FNDA:5,CreateUserservice.execute
DA:1,1
DA:2,1
DA:3,1
DA:4,1
DA:5,1
DA:6,1
DA:7,1
DA:8,1
DA:9,1
DA:10,1
DA:11,1
DA:12,1
DA:13,1
DA:14,2
DA:15,2
DA:16,4
DA:17,4
DA:18,4
DA:19,2
DA:20,2
DA:21,5
DA:22,5
DA:23,5
DA:24,1
DA:25,1
DA:26,4
DA:27,4
DA:28,5
DA:29,5
DA:30,5
DA:31,5
DA:32,5
DA:33,5
DA:34,5
DA:35,5
DA:36,5
DA:37,2
DA:38,1
DA:39,1
LF:39
LH:39
BRDA:39,0,0,2
BRDA:39,1,0,2
BRDA:39,2,0,0
BRDA:39,3,0,0
BRDA:39,4,0,0
BRDA:39,5,0,0
BRDA:39,6,0,2
BRDA:39,7,0,4
BRDA:39,8,0,4
BRDA:39,9,0,5
BRDA:39,10,0,9
BRDA:39,11,0,0
BRDA:39,12,0,5
BRDA:39,13,0,9
BRDA:39,14,0,8
BRDA:39,15,0,1
BRDA:39,16,0,13
BRDA:39,17,0,4
BRDA:39,18,0,9
BRDA:39,19,0,5
BRDA:39,20,0,9
BRDA:39,21,0,0
BRDA:39,22,0,15
BRDA:39,23,0,14
BRDA:39,24,0,14
BRDA:39,25,0,0
BRDA:39,26,0,28
BRDA:39,27,0,0
BRDA:39,28,0,0
BRDA:39,29,0,0
BRDA:39,30,0,0
BRDA:39,31,0,14
BRDA:39,32,0,14
BRDA:39,33,0,9
BRDA:39,34,0,0
BRDA:39,35,0,0
BRDA:39,36,0,5
BRDA:39,37,0,0
BRDA:39,38,0,4
BRDA:39,39,0,0
BRDA:39,40,0,0
BRDA:39,41,0,0
BRDA:39,42,0,0
BRDA:39,43,0,22
BRDA:39,44,0,14
BRDA:39,45,0,13
BRDA:39,46,0,1
BRDA:39,47,0,14
BRDA:39,48,0,5
BRDA:39,49,0,1
BRDA:39,50,0,4
BRDA:39,51,0,0
BRDA:39,52,0,2
BRDA:39,53,0,0
BRDA:14,54,0,2
BRDA:15,55,0,4
BRDA:20,56,0,5
BRDA:39,57,0,5
BRDA:39,58,0,14
BRDA:21,59,0,5
BRDA:39,60,0,5
BRDA:23,61,0,1
BRDA:25,62,0,4
BRDA:39,63,0,4
BRF:64
BRH:44
end_of_record
TN:
SF:src/modules/users/services/ResetPasswordService.ts
FN:49,__decorate
FN:49,__metadata
FN:49,__param
FN:49,__awaiter
FN:49,adopt
FN:49,fulfilled
FN:49,rejected
FN:49,step
FN:49,__generator
FN:49,sent
FN:49,g.<computed>
FN:49,verb
FN:49,step
FN:49,__importDefault
FN:16,ResetPasswordService
FN:23,ResetPasswordService.execute
FNF:16
FNH:14
FNDA:1,__decorate
FNDA:1,__metadata
FNDA:3,__param
FNDA:4,__awaiter
FNDA:9,adopt
FNDA:9,fulfilled
FNDA:0,rejected
FNDA:10,step
FNDA:4,__generator
FNDA:9,sent
FNDA:0,g.<computed>
FNDA:12,verb
FNDA:13,step
FNDA:1,__importDefault
FNDA:4,ResetPasswordService
FNDA:4,ResetPasswordService.execute
DA:1,1
DA:2,1
DA:3,1
DA:4,1
DA:5,1
DA:6,1
DA:7,1
DA:8,1
DA:9,1
DA:10,1
DA:11,1
DA:12,1
DA:13,1
DA:14,1
DA:15,1
DA:16,1
DA:17,4
DA:18,4
DA:19,4
DA:20,4
DA:21,4
DA:22,1
DA:23,1
DA:24,4
DA:25,4
DA:26,4
DA:27,1
DA:28,1
DA:29,3
DA:30,3
DA:31,4
DA:32,4
DA:33,1
DA:34,1
DA:35,2
DA:36,2
DA:37,2
DA:38,2
DA:39,4
DA:40,1
DA:41,1
DA:42,1
DA:43,1
DA:44,4
DA:45,4
DA:46,4
DA:47,1
DA:48,1
DA:49,1
LF:49
LH:49
BRDA:49,0,0,1
BRDA:49,1,0,1
BRDA:49,2,0,0
BRDA:49,3,0,0
BRDA:49,4,0,0
BRDA:49,5,0,0
BRDA:49,6,0,1
BRDA:49,7,0,3
BRDA:49,8,0,3
BRDA:49,9,0,4
BRDA:49,10,0,9
BRDA:49,11,0,0
BRDA:49,12,0,4
BRDA:49,13,0,9
BRDA:49,14,0,6
BRDA:49,15,0,3
BRDA:49,16,0,10
BRDA:49,17,0,1
BRDA:49,18,0,9
BRDA:49,19,0,4
BRDA:49,20,0,9
BRDA:49,21,0,0
BRDA:49,22,0,12
BRDA:49,23,0,13
BRDA:49,24,0,13
BRDA:49,25,0,0
BRDA:49,26,0,26
BRDA:49,27,0,0
BRDA:49,28,0,0
BRDA:49,29,0,0
BRDA:49,30,0,0
BRDA:49,31,0,13
BRDA:49,32,0,13
BRDA:49,33,0,9
BRDA:49,34,0,0
BRDA:49,35,0,0
BRDA:49,36,0,4
BRDA:49,37,0,0
BRDA:49,38,0,1
BRDA:49,39,0,0
BRDA:49,40,0,0
BRDA:49,41,0,0
BRDA:49,42,0,0
BRDA:49,43,0,13
BRDA:49,44,0,10
BRDA:49,45,0,3
BRDA:49,46,0,13
BRDA:49,47,0,4
BRDA:49,48,0,3
BRDA:49,49,0,1
BRDA:49,50,0,0
BRDA:49,51,0,1
BRDA:49,52,0,0
BRDA:15,53,0,1
BRDA:16,54,0,4
BRDA:23,55,0,4
BRDA:49,56,0,4
BRDA:49,57,0,13
BRDA:24,58,0,4
BRDA:49,59,0,4
BRDA:26,60,0,1
BRDA:28,61,0,3
BRDA:49,62,0,3
BRDA:32,63,0,1
BRDA:34,64,0,2
BRDA:39,65,0,1
BRDA:49,66,0,1
BRDA:49,67,0,1
BRF:68
BRH:48
end_of_record
TN:
SF:src/modules/users/services/SendForgotPasswordEmailService.ts
FN:54,__decorate
FN:54,__metadata
FN:54,__param
FN:54,__awaiter
FN:54,adopt
FN:54,fulfilled
FN:54,rejected
FN:54,step
FN:54,__generator
FN:54,sent
FN:54,g.<computed>
FN:54,verb
FN:54,step
FN:54,__importDefault
FN:14,SendForgotPasswordEmailService
FN:21,SendForgotPasswordEmailService.execute
FNF:16
FNH:14
FNDA:1,__decorate
FNDA:1,__metadata
FNDA:3,__param
FNDA:3,__awaiter
FNDA:7,adopt
FNDA:7,fulfilled
FNDA:0,rejected
FNDA:9,step
FNDA:3,__generator
FNDA:7,sent
FNDA:0,g.<computed>
FNDA:9,verb
FNDA:10,step
FNDA:2,__importDefault
FNDA:3,SendForgotPasswordEmailService
FNDA:3,SendForgotPasswordEmailService.execute
DA:1,1
DA:2,1
DA:3,1
DA:4,1
DA:5,1
DA:6,1
DA:7,1
DA:8,1
DA:9,1
DA:10,1
DA:11,1
DA:12,1
DA:13,1
DA:14,1
DA:15,3
DA:16,3
DA:17,3
DA:18,3
DA:19,3
DA:20,1
DA:21,1
DA:22,3
DA:23,3
DA:24,3
DA:25,1
DA:26,1
DA:27,2
DA:28,2
DA:29,3
DA:30,3
DA:31,3
DA:32,3
DA:33,3
DA:34,3
DA:35,3
DA:36,3
DA:37,3
DA:38,3
DA:39,3
DA:40,3
DA:41,3
DA:42,3
DA:43,3
DA:44,3
DA:45,3
DA:46,3
DA:47,3
DA:48,3
DA:49,3
DA:50,3
DA:51,3
DA:52,1
DA:53,1
DA:54,1
LF:54
LH:54
BRDA:54,0,0,1
BRDA:54,1,0,1
BRDA:54,2,0,0
BRDA:54,3,0,0
BRDA:54,4,0,0
BRDA:54,5,0,0
BRDA:54,6,0,1
BRDA:54,7,0,3
BRDA:54,8,0,3
BRDA:54,9,0,3
BRDA:54,10,0,7
BRDA:54,11,0,0
BRDA:54,12,0,3
BRDA:54,13,0,7
BRDA:54,14,0,6
BRDA:54,15,0,1
BRDA:54,16,0,9
BRDA:54,17,0,2
BRDA:54,18,0,7
BRDA:54,19,0,3
BRDA:54,20,0,7
BRDA:54,21,0,0
BRDA:54,22,0,9
BRDA:54,23,0,10
BRDA:54,24,0,10
BRDA:54,25,0,0
BRDA:54,26,0,20
BRDA:54,27,0,0
BRDA:54,28,0,0
BRDA:54,29,0,0
BRDA:54,30,0,0
BRDA:54,31,0,10
BRDA:54,32,0,10
BRDA:54,33,0,7
BRDA:54,34,0,0
BRDA:54,35,0,0
BRDA:54,36,0,3
BRDA:54,37,0,0
BRDA:54,38,0,2
BRDA:54,39,0,0
BRDA:54,40,0,0
BRDA:54,41,0,0
BRDA:54,42,0,0
BRDA:54,43,0,10
BRDA:54,44,0,9
BRDA:54,45,0,1
BRDA:54,46,0,10
BRDA:54,47,0,3
BRDA:54,48,0,1
BRDA:54,49,0,2
BRDA:54,50,0,0
BRDA:54,51,0,2
BRDA:54,52,0,1
BRDA:54,53,0,1
BRDA:13,54,0,1
BRDA:14,55,0,3
BRDA:21,56,0,3
BRDA:54,57,0,3
BRDA:54,58,0,10
BRDA:22,59,0,3
BRDA:54,60,0,3
BRDA:24,61,0,1
BRDA:26,62,0,2
BRDA:54,63,0,2
BRDA:54,64,0,2
BRF:65
BRH:46
end_of_record
TN:
SF:src/modules/users/services/UpdateUserAvatarService.ts
FN:40,__decorate
FN:40,__metadata
FN:40,__param
FN:40,__awaiter
FN:40,adopt
FN:40,fulfilled
FN:40,rejected
FN:40,step
FN:40,__generator
FN:40,sent
FN:40,g.<computed>
FN:40,verb
FN:40,step
FN:40,__importDefault
FN:14,UpdateUserAvatarService
FN:19,UpdateUserAvatarService.execute
FNF:16
FNH:14
FNDA:1,__decorate
FNDA:1,__metadata
FNDA:2,__param
FNDA:4,__awaiter
FNDA:10,adopt
FNDA:10,fulfilled
FNDA:0,rejected
FNDA:13,step
FNDA:4,__generator
FNDA:10,sent
FNDA:0,g.<computed>
FNDA:12,verb
FNDA:14,step
FNDA:1,__importDefault
FNDA:3,UpdateUserAvatarService
FNDA:4,UpdateUserAvatarService.execute
DA:1,1
DA:2,1
DA:3,1
DA:4,1
DA:5,1
DA:6,1
DA:7,1
DA:8,1
DA:9,1
DA:10,1
DA:11,1
DA:12,1
DA:13,1
DA:14,1
DA:15,3
DA:16,3
DA:17,3
DA:18,1
DA:19,1
DA:20,4
DA:21,4
DA:22,4
DA:23,1
DA:24,1
DA:25,3
DA:26,4
DA:27,1
DA:28,1
DA:29,3
DA:30,3
DA:31,4
DA:32,4
DA:33,4
DA:34,4
DA:35,4
DA:36,4
DA:37,4
DA:38,1
DA:39,1
DA:40,1
LF:40
LH:40
BRDA:40,0,0,1
BRDA:40,1,0,1
BRDA:40,2,0,0
BRDA:40,3,0,0
BRDA:40,4,0,0
BRDA:40,5,0,0
BRDA:40,6,0,1
BRDA:40,7,0,2
BRDA:40,8,0,2
BRDA:40,9,0,4
BRDA:40,10,0,10
BRDA:40,11,0,0
BRDA:40,12,0,4
BRDA:40,13,0,10
BRDA:40,14,0,9
BRDA:40,15,0,1
BRDA:40,16,0,13
BRDA:40,17,0,3
BRDA:40,18,0,10
BRDA:40,19,0,4
BRDA:40,20,0,10
BRDA:40,21,0,0
BRDA:40,22,0,12
BRDA:40,23,0,14
BRDA:40,24,0,14
BRDA:40,25,0,0
BRDA:40,26,0,28
BRDA:40,27,0,0
BRDA:40,28,0,0
BRDA:40,29,0,0
BRDA:40,30,0,0
BRDA:40,31,0,14
BRDA:40,32,0,14
BRDA:40,33,0,10
BRDA:40,34,0,0
BRDA:40,35,0,0
BRDA:40,36,0,4
BRDA:40,37,0,0
BRDA:40,38,0,3
BRDA:40,39,0,0
BRDA:40,40,0,0
BRDA:40,41,0,0
BRDA:40,42,0,0
BRDA:40,43,0,14
BRDA:40,44,0,13
BRDA:40,45,0,1
BRDA:40,46,0,14
BRDA:40,47,0,4
BRDA:40,48,0,1
BRDA:40,49,0,3
BRDA:40,50,0,0
BRDA:40,51,0,1
BRDA:40,52,0,0
BRDA:13,53,0,1
BRDA:14,54,0,3
BRDA:19,55,0,4
BRDA:40,56,0,4
BRDA:40,57,0,14
BRDA:20,58,0,4
BRDA:40,59,0,4
BRDA:22,60,0,1
BRDA:24,61,0,3
BRDA:26,62,0,1
BRDA:28,63,0,3
BRDA:40,64,0,3
BRDA:40,65,0,3
BRF:66
BRH:46
end_of_record
